build/app/intermediates/manifest_merge_blame_file/debug/manifest-merger-blame-debug-report.txt
1<?xml version="1.0" encoding="utf-8"?>
2<manifest xmlns:android="http://schemas.android.com/apk/res/android"
3    package="com.example.clipall"
4    android:versionCode="1"
5    android:versionName="1.0.0" >
6
7    <uses-sdk
8        android:minSdkVersion="21"
9        android:targetSdkVersion="31" />
10    <!--
11         Flutter needs it to communicate with the running application
12         to allow setting breakpoints, to provide hot reload, etc.
13    -->
14    <uses-permission android:name="android.permission.INTERNET" />
14-->src\debug\AndroidManifest.xml:6:5-66
14-->src\debug\AndroidManifest.xml:6:22-64
15    <uses-permission android:name="android.permission.READ_EXTERNAL_STORAGE" />
15-->src\main\AndroidManifest.xml:3:5-79
15-->src\main\AndroidManifest.xml:3:22-77
16
17    <queries>
17-->[:file_picker] AndroidManifest.xml:9:5-15:15
18        <intent>
18-->[:file_picker] AndroidManifest.xml:10:9-14:18
19            <action android:name="android.intent.action.GET_CONTENT" />
19-->[:file_picker] AndroidManifest.xml:11:13-72
19-->[:file_picker] AndroidManifest.xml:11:21-69
20
21            <data android:mimeType="*/*" />
21-->[:file_picker] AndroidManifest.xml:13:13-44
21-->[:file_picker] AndroidManifest.xml:13:19-41
22        </intent>
23        <intent>
23-->[:twitter_login] AndroidManifest.xml:8:9-10:18
24            <action android:name="android.support.customtabs.action.CustomTabsService" />
24-->[:twitter_login] AndroidManifest.xml:9:13-90
24-->[:twitter_login] AndroidManifest.xml:9:21-87
25        </intent>
26    </queries>
27
28    <uses-permission android:name="android.permission.ACCESS_NETWORK_STATE" />
28-->[com.google.firebase:firebase-auth:21.0.3] AndroidManifest.xml:24:5-79
28-->[com.google.firebase:firebase-auth:21.0.3] AndroidManifest.xml:24:22-76
29    <uses-permission android:name="com.google.android.gms.permission.AD_ID" />
29-->[com.facebook.android:facebook-core:13.0.0] AndroidManifest.xml:28:5-79
29-->[com.facebook.android:facebook-core:13.0.0] AndroidManifest.xml:28:22-76
30    <uses-permission android:name="com.google.android.finsky.permission.BIND_GET_INSTALL_REFERRER_SERVICE" />
30-->[com.android.installreferrer:installreferrer:1.0] AndroidManifest.xml:9:5-110
30-->[com.android.installreferrer:installreferrer:1.0] AndroidManifest.xml:9:22-107
31
32    <application
33        android:name="android.app.Application"
34        android:appComponentFactory="androidx.core.app.CoreComponentFactory"
34-->[androidx.core:core:1.6.0] AndroidManifest.xml:24:18-86
35        android:debuggable="true"
36        android:icon="@mipmap/ic_launcher"
37        android:label="clipall"
38        android:supportsRtl="true" >
38-->[com.facebook.android:facebook-login:13.0.0] AndroidManifest.xml:28:18-44
39        <activity
40            android:name="com.example.clipall.MainActivity"
41            android:configChanges="orientation|keyboardHidden|keyboard|screenSize|smallestScreenSize|locale|layoutDirection|fontScale|screenLayout|density|uiMode"
42            android:exported="true"
43            android:hardwareAccelerated="true"
44            android:launchMode="singleTop"
45            android:theme="@style/LaunchTheme"
46            android:windowSoftInputMode="adjustResize" >
47
48            <!--
49                 Specifies an Android theme to apply to this Activity as soon as
50                 the Android process has started. This theme is visible to the user
51                 while the Flutter UI initializes. After that, this theme continues
52                 to determine the Window background behind the Flutter UI.
53            -->
54            <meta-data
55                android:name="io.flutter.embedding.android.NormalTheme"
56                android:resource="@style/NormalTheme" />
57
58            <intent-filter>
59                <action android:name="android.intent.action.MAIN" />
60
61                <category android:name="android.intent.category.LAUNCHER" />
62            </intent-filter>
63        </activity>
64        <!--
65             Don't delete the meta-data below.
66             This is used by the Flutter tool to generate GeneratedPluginRegistrant.java
67        -->
68        <meta-data
69            android:name="flutterEmbedding"
70            android:value="2" />
71
72        <service
72-->[:firebase_database] AndroidManifest.xml:8:9-12:19
73            android:name="com.google.firebase.components.ComponentDiscoveryService"
73-->[:firebase_database] AndroidManifest.xml:8:18-89
74            android:directBootAware="true"
74-->[com.google.firebase:firebase-common:20.1.0] AndroidManifest.xml:35:13-43
75            android:exported="false" >
75-->[com.google.firebase:firebase-auth:21.0.3] AndroidManifest.xml:66:13-37
76            <meta-data
76-->[:firebase_database] AndroidManifest.xml:9:13-11:85
77                android:name="com.google.firebase.components:io.flutter.plugins.firebase.database.FlutterFirebaseAppRegistrar"
77-->[:firebase_database] AndroidManifest.xml:10:17-127
78                android:value="com.google.firebase.components.ComponentRegistrar" />
78-->[:firebase_database] AndroidManifest.xml:11:17-82
79            <meta-data
79-->[:cloud_firestore] AndroidManifest.xml:9:13-11:85
80                android:name="com.google.firebase.components:io.flutter.plugins.firebase.firestore.FlutterFirebaseFirestoreRegistrar"
80-->[:cloud_firestore] AndroidManifest.xml:10:17-134
81                android:value="com.google.firebase.components.ComponentRegistrar" />
81-->[:cloud_firestore] AndroidManifest.xml:11:17-82
82            <meta-data
82-->[:firebase_dynamic_links] AndroidManifest.xml:11:13-13:85
83                android:name="com.google.firebase.components:io.flutter.plugins.firebase.dynamiclinks.FlutterFirebaseAppRegistrar"
83-->[:firebase_dynamic_links] AndroidManifest.xml:12:17-131
84                android:value="com.google.firebase.components.ComponentRegistrar" />
84-->[:firebase_dynamic_links] AndroidManifest.xml:13:17-82
85            <meta-data
85-->[:firebase_auth] AndroidManifest.xml:9:13-11:85
86                android:name="com.google.firebase.components:io.flutter.plugins.firebase.auth.FlutterFirebaseAuthRegistrar"
86-->[:firebase_auth] AndroidManifest.xml:10:17-124
87                android:value="com.google.firebase.components.ComponentRegistrar" />
87-->[:firebase_auth] AndroidManifest.xml:11:17-82
88            <meta-data
88-->[:firebase_storage] AndroidManifest.xml:9:13-11:85
89                android:name="com.google.firebase.components:io.flutter.plugins.firebase.storage.FlutterFirebaseAppRegistrar"
89-->[:firebase_storage] AndroidManifest.xml:10:17-126
90                android:value="com.google.firebase.components.ComponentRegistrar" />
90-->[:firebase_storage] AndroidManifest.xml:11:17-82
91            <meta-data
91-->[:firebase_core] AndroidManifest.xml:9:13-11:85
92                android:name="com.google.firebase.components:io.flutter.plugins.firebase.core.FlutterFirebaseCoreRegistrar"
92-->[:firebase_core] AndroidManifest.xml:10:17-124
93                android:value="com.google.firebase.components.ComponentRegistrar" />
93-->[:firebase_core] AndroidManifest.xml:11:17-82
94            <meta-data
94-->[com.google.firebase:firebase-auth:21.0.3] AndroidManifest.xml:67:13-69:85
95                android:name="com.google.firebase.components:com.google.firebase.auth.FirebaseAuthRegistrar"
95-->[com.google.firebase:firebase-auth:21.0.3] AndroidManifest.xml:68:17-109
96                android:value="com.google.firebase.components.ComponentRegistrar" />
96-->[com.google.firebase:firebase-auth:21.0.3] AndroidManifest.xml:69:17-82
97            <meta-data
97-->[com.google.firebase:firebase-firestore:24.1.0] AndroidManifest.xml:20:13-22:85
98                android:name="com.google.firebase.components:com.google.firebase.firestore.FirestoreRegistrar"
98-->[com.google.firebase:firebase-firestore:24.1.0] AndroidManifest.xml:21:17-111
99                android:value="com.google.firebase.components.ComponentRegistrar" />
99-->[com.google.firebase:firebase-firestore:24.1.0] AndroidManifest.xml:22:17-82
100            <meta-data
100-->[com.google.firebase:firebase-dynamic-links:21.0.1] AndroidManifest.xml:27:13-29:85
101                android:name="com.google.firebase.components:com.google.firebase.dynamiclinks.internal.FirebaseDynamicLinkRegistrar"
101-->[com.google.firebase:firebase-dynamic-links:21.0.1] AndroidManifest.xml:28:17-133
102                android:value="com.google.firebase.components.ComponentRegistrar" />
102-->[com.google.firebase:firebase-dynamic-links:21.0.1] AndroidManifest.xml:29:17-82
103            <meta-data
103-->[com.google.firebase:firebase-storage:20.0.1] AndroidManifest.xml:33:13-35:85
104                android:name="com.google.firebase.components:com.google.firebase.storage.StorageRegistrar"
104-->[com.google.firebase:firebase-storage:20.0.1] AndroidManifest.xml:34:17-107
105                android:value="com.google.firebase.components.ComponentRegistrar" />
105-->[com.google.firebase:firebase-storage:20.0.1] AndroidManifest.xml:35:17-82
106            <meta-data
106-->[com.google.firebase:firebase-database:20.0.4] AndroidManifest.xml:32:13-34:85
107                android:name="com.google.firebase.components:com.google.firebase.database.DatabaseRegistrar"
107-->[com.google.firebase:firebase-database:20.0.4] AndroidManifest.xml:33:17-109
108                android:value="com.google.firebase.components.ComponentRegistrar" />
108-->[com.google.firebase:firebase-database:20.0.4] AndroidManifest.xml:34:17-82
109        </service>
110
111        <activity
111-->[:url_launcher_android] AndroidManifest.xml:8:9-11:74
112            android:name="io.flutter.plugins.urllauncher.WebViewActivity"
112-->[:url_launcher_android] AndroidManifest.xml:9:13-74
113            android:exported="false"
113-->[:url_launcher_android] AndroidManifest.xml:10:13-37
114            android:theme="@android:style/Theme.NoTitleBar.Fullscreen" />
114-->[:url_launcher_android] AndroidManifest.xml:11:13-71
115        <activity android:name="com.maru.twitter_login.chrome_custom_tabs.ChromeCustomTabsActivity" />
115-->[:twitter_login] AndroidManifest.xml:14:9-103
115-->[:twitter_login] AndroidManifest.xml:14:19-100
116
117        <uses-library
117-->[androidx.window:window:1.0.0-beta04] AndroidManifest.xml:25:9-27:40
118            android:name="androidx.window.extensions"
118-->[androidx.window:window:1.0.0-beta04] AndroidManifest.xml:26:13-54
119            android:required="false" />
119-->[androidx.window:window:1.0.0-beta04] AndroidManifest.xml:27:13-37
120        <uses-library
120-->[androidx.window:window:1.0.0-beta04] AndroidManifest.xml:28:9-30:40
121            android:name="androidx.window.sidecar"
121-->[androidx.window:window:1.0.0-beta04] AndroidManifest.xml:29:13-51
122            android:required="false" />
122-->[androidx.window:window:1.0.0-beta04] AndroidManifest.xml:30:13-37
123
124        <activity
124-->[com.google.firebase:firebase-auth:21.0.3] AndroidManifest.xml:27:9-44:20
125            android:name="com.google.firebase.auth.internal.GenericIdpActivity"
125-->[com.google.firebase:firebase-auth:21.0.3] AndroidManifest.xml:28:13-80
126            android:excludeFromRecents="true"
126-->[com.google.firebase:firebase-auth:21.0.3] AndroidManifest.xml:29:13-46
127            android:exported="true"
127-->[com.google.firebase:firebase-auth:21.0.3] AndroidManifest.xml:30:13-36
128            android:launchMode="singleTask"
128-->[com.google.firebase:firebase-auth:21.0.3] AndroidManifest.xml:31:13-44
129            android:theme="@android:style/Theme.Translucent.NoTitleBar" >
129-->[com.google.firebase:firebase-auth:21.0.3] AndroidManifest.xml:32:13-72
130            <intent-filter>
130-->[com.google.firebase:firebase-auth:21.0.3] AndroidManifest.xml:33:13-43:29
131                <action android:name="android.intent.action.VIEW" />
131-->[com.google.firebase:firebase-auth:21.0.3] AndroidManifest.xml:34:17-69
131-->[com.google.firebase:firebase-auth:21.0.3] AndroidManifest.xml:34:25-66
132
133                <category android:name="android.intent.category.DEFAULT" />
133-->[com.google.firebase:firebase-auth:21.0.3] AndroidManifest.xml:36:17-76
133-->[com.google.firebase:firebase-auth:21.0.3] AndroidManifest.xml:36:27-73
134                <category android:name="android.intent.category.BROWSABLE" />
134-->[com.google.firebase:firebase-auth:21.0.3] AndroidManifest.xml:37:17-78
134-->[com.google.firebase:firebase-auth:21.0.3] AndroidManifest.xml:37:27-75
135
136                <data
136-->[:file_picker] AndroidManifest.xml:13:13-44
137                    android:host="firebase.auth"
138                    android:path="/"
139                    android:scheme="genericidp" />
140            </intent-filter>
141        </activity>
142        <activity
142-->[com.google.firebase:firebase-auth:21.0.3] AndroidManifest.xml:45:9-62:20
143            android:name="com.google.firebase.auth.internal.RecaptchaActivity"
143-->[com.google.firebase:firebase-auth:21.0.3] AndroidManifest.xml:46:13-79
144            android:excludeFromRecents="true"
144-->[com.google.firebase:firebase-auth:21.0.3] AndroidManifest.xml:47:13-46
145            android:exported="true"
145-->[com.google.firebase:firebase-auth:21.0.3] AndroidManifest.xml:48:13-36
146            android:launchMode="singleTask"
146-->[com.google.firebase:firebase-auth:21.0.3] AndroidManifest.xml:49:13-44
147            android:theme="@android:style/Theme.Translucent.NoTitleBar" >
147-->[com.google.firebase:firebase-auth:21.0.3] AndroidManifest.xml:50:13-72
148            <intent-filter>
148-->[com.google.firebase:firebase-auth:21.0.3] AndroidManifest.xml:51:13-61:29
149                <action android:name="android.intent.action.VIEW" />
149-->[com.google.firebase:firebase-auth:21.0.3] AndroidManifest.xml:34:17-69
149-->[com.google.firebase:firebase-auth:21.0.3] AndroidManifest.xml:34:25-66
150
151                <category android:name="android.intent.category.DEFAULT" />
151-->[com.google.firebase:firebase-auth:21.0.3] AndroidManifest.xml:36:17-76
151-->[com.google.firebase:firebase-auth:21.0.3] AndroidManifest.xml:36:27-73
152                <category android:name="android.intent.category.BROWSABLE" />
152-->[com.google.firebase:firebase-auth:21.0.3] AndroidManifest.xml:37:17-78
152-->[com.google.firebase:firebase-auth:21.0.3] AndroidManifest.xml:37:27-75
153
154                <data
154-->[:file_picker] AndroidManifest.xml:13:13-44
155                    android:host="firebase.auth"
156                    android:path="/"
157                    android:scheme="recaptcha" />
158            </intent-filter>
159        </activity>
160
161        <provider
161-->[com.google.firebase:firebase-common:20.1.0] AndroidManifest.xml:26:9-31:39
162            android:name="com.google.firebase.provider.FirebaseInitProvider"
162-->[com.google.firebase:firebase-common:20.1.0] AndroidManifest.xml:27:13-77
163            android:authorities="com.example.clipall.firebaseinitprovider"
163-->[com.google.firebase:firebase-common:20.1.0] AndroidManifest.xml:28:13-72
164            android:directBootAware="true"
164-->[com.google.firebase:firebase-common:20.1.0] AndroidManifest.xml:29:13-43
165            android:exported="false"
165-->[com.google.firebase:firebase-common:20.1.0] AndroidManifest.xml:30:13-37
166            android:initOrder="100" />
166-->[com.google.firebase:firebase-common:20.1.0] AndroidManifest.xml:31:13-36
167
168        <activity
168-->[com.facebook.android:facebook-common:13.0.0] AndroidManifest.xml:30:9-33:66
169            android:name="com.facebook.FacebookActivity"
169-->[com.facebook.android:facebook-common:13.0.0] AndroidManifest.xml:31:13-57
170            android:configChanges="keyboard|keyboardHidden|screenLayout|screenSize|orientation"
170-->[com.facebook.android:facebook-common:13.0.0] AndroidManifest.xml:32:13-96
171            android:theme="@style/com_facebook_activity_theme" />
171-->[com.facebook.android:facebook-common:13.0.0] AndroidManifest.xml:33:13-63
172        <activity android:name="com.facebook.CustomTabMainActivity" />
172-->[com.facebook.android:facebook-common:13.0.0] AndroidManifest.xml:34:9-71
172-->[com.facebook.android:facebook-common:13.0.0] AndroidManifest.xml:34:19-68
173        <activity
173-->[com.facebook.android:facebook-common:13.0.0] AndroidManifest.xml:35:9-49:20
174            android:name="com.facebook.CustomTabActivity"
174-->[com.facebook.android:facebook-common:13.0.0] AndroidManifest.xml:36:13-58
175            android:exported="true" >
175-->[com.facebook.android:facebook-common:13.0.0] AndroidManifest.xml:37:13-36
176            <intent-filter>
176-->[com.facebook.android:facebook-common:13.0.0] AndroidManifest.xml:39:13-48:29
177                <action android:name="android.intent.action.VIEW" />
177-->[com.google.firebase:firebase-auth:21.0.3] AndroidManifest.xml:34:17-69
177-->[com.google.firebase:firebase-auth:21.0.3] AndroidManifest.xml:34:25-66
178
179                <category android:name="android.intent.category.DEFAULT" />
179-->[com.google.firebase:firebase-auth:21.0.3] AndroidManifest.xml:36:17-76
179-->[com.google.firebase:firebase-auth:21.0.3] AndroidManifest.xml:36:27-73
180                <category android:name="android.intent.category.BROWSABLE" />
180-->[com.google.firebase:firebase-auth:21.0.3] AndroidManifest.xml:37:17-78
180-->[com.google.firebase:firebase-auth:21.0.3] AndroidManifest.xml:37:27-75
181
182                <data
182-->[:file_picker] AndroidManifest.xml:13:13-44
183                    android:host="cct.com.example.clipall"
184                    android:scheme="fbconnect" />
185            </intent-filter>
186        </activity>
187        <activity
187-->[com.google.android.gms:play-services-auth:20.0.1] AndroidManifest.xml:23:9-27:75
188            android:name="com.google.android.gms.auth.api.signin.internal.SignInHubActivity"
188-->[com.google.android.gms:play-services-auth:20.0.1] AndroidManifest.xml:24:13-93
189            android:excludeFromRecents="true"
189-->[com.google.android.gms:play-services-auth:20.0.1] AndroidManifest.xml:25:13-46
190            android:exported="false"
190-->[com.google.android.gms:play-services-auth:20.0.1] AndroidManifest.xml:26:13-37
191            android:theme="@android:style/Theme.Translucent.NoTitleBar" />
191-->[com.google.android.gms:play-services-auth:20.0.1] AndroidManifest.xml:27:13-72
192        <!--
193            Service handling Google Sign-In user revocation. For apps that do not integrate with
194            Google Sign-In, this service will never be started.
195        -->
196        <service
196-->[com.google.android.gms:play-services-auth:20.0.1] AndroidManifest.xml:33:9-37:51
197            android:name="com.google.android.gms.auth.api.signin.RevocationBoundService"
197-->[com.google.android.gms:play-services-auth:20.0.1] AndroidManifest.xml:34:13-89
198            android:exported="true"
198-->[com.google.android.gms:play-services-auth:20.0.1] AndroidManifest.xml:35:13-36
199            android:permission="com.google.android.gms.auth.api.signin.permission.REVOCATION_NOTIFICATION"
199-->[com.google.android.gms:play-services-auth:20.0.1] AndroidManifest.xml:36:13-107
200            android:visibleToInstantApps="true" />
200-->[com.google.android.gms:play-services-auth:20.0.1] AndroidManifest.xml:37:13-48
201        <!--
202         The initialization ContentProvider will call FacebookSdk.sdkInitialize automatically
203         with the application context. This config is merged in with the host app's manifest,
204         but there can only be one provider with the same authority activated at any given
205         point; so if the end user has two or more different apps that use Facebook SDK, only the
206         first one will be able to use the provider. To work around this problem, we use the
207         following placeholder in the authority to identify each host application as if it was
208         a completely different provider.
209        -->
210        <provider
210-->[com.facebook.android:facebook-core:13.0.0] AndroidManifest.xml:41:9-44:40
211            android:name="com.facebook.internal.FacebookInitProvider"
211-->[com.facebook.android:facebook-core:13.0.0] AndroidManifest.xml:42:13-70
212            android:authorities="com.example.clipall.FacebookInitProvider"
212-->[com.facebook.android:facebook-core:13.0.0] AndroidManifest.xml:43:13-72
213            android:exported="false" />
213-->[com.facebook.android:facebook-core:13.0.0] AndroidManifest.xml:44:13-37
214
215        <receiver
215-->[com.facebook.android:facebook-core:13.0.0] AndroidManifest.xml:46:9-52:20
216            android:name="com.facebook.CurrentAccessTokenExpirationBroadcastReceiver"
216-->[com.facebook.android:facebook-core:13.0.0] AndroidManifest.xml:47:13-86
217            android:exported="false" >
217-->[com.facebook.android:facebook-core:13.0.0] AndroidManifest.xml:48:13-37
218            <intent-filter>
218-->[com.facebook.android:facebook-core:13.0.0] AndroidManifest.xml:49:13-51:29
219                <action android:name="com.facebook.sdk.ACTION_CURRENT_ACCESS_TOKEN_CHANGED" />
219-->[com.facebook.android:facebook-core:13.0.0] AndroidManifest.xml:50:17-95
219-->[com.facebook.android:facebook-core:13.0.0] AndroidManifest.xml:50:25-92
220            </intent-filter>
221        </receiver>
222        <receiver
222-->[com.facebook.android:facebook-core:13.0.0] AndroidManifest.xml:53:9-59:20
223            android:name="com.facebook.AuthenticationTokenManager$CurrentAuthenticationTokenChangedBroadcastReceiver"
223-->[com.facebook.android:facebook-core:13.0.0] AndroidManifest.xml:54:13-118
224            android:exported="false" >
224-->[com.facebook.android:facebook-core:13.0.0] AndroidManifest.xml:55:13-37
225            <intent-filter>
225-->[com.facebook.android:facebook-core:13.0.0] AndroidManifest.xml:56:13-58:29
226                <action android:name="com.facebook.sdk.ACTION_CURRENT_AUTHENTICATION_TOKEN_CHANGED" />
226-->[com.facebook.android:facebook-core:13.0.0] AndroidManifest.xml:57:17-103
226-->[com.facebook.android:facebook-core:13.0.0] AndroidManifest.xml:57:25-100
227            </intent-filter>
228        </receiver>
229
230        <activity
230-->[com.google.android.gms:play-services-base:18.0.1] AndroidManifest.xml:20:9-22:45
231            android:name="com.google.android.gms.common.api.GoogleApiActivity"
231-->[com.google.android.gms:play-services-base:18.0.1] AndroidManifest.xml:20:19-85
232            android:exported="false"
232-->[com.google.android.gms:play-services-base:18.0.1] AndroidManifest.xml:22:19-43
233            android:theme="@android:style/Theme.Translucent.NoTitleBar" />
233-->[com.google.android.gms:play-services-base:18.0.1] AndroidManifest.xml:21:19-78
234
235        <meta-data
235-->[com.google.android.gms:play-services-basement:18.0.0] AndroidManifest.xml:21:9-23:69
236            android:name="com.google.android.gms.version"
236-->[com.google.android.gms:play-services-basement:18.0.0] AndroidManifest.xml:22:13-58
237            android:value="@integer/google_play_services_version" />
237-->[com.google.android.gms:play-services-basement:18.0.0] AndroidManifest.xml:23:13-66
238    </application>
239
240</manifest>